0 info it worked if it ends with ok
1 verbose cli [ '/usr/local/bin/node', '/usr/local/bin/npm', 'run', 'server' ]
2 info using npm@3.10.8
3 info using node@v7.0.0
4 verbose run-script [ 'preserver', 'server', 'postserver' ]
5 info lifecycle liudong@1.0.0~preserver: liudong@1.0.0
6 silly lifecycle liudong@1.0.0~preserver: no script for preserver, continuing
7 info lifecycle liudong@1.0.0~server: liudong@1.0.0
8 verbose lifecycle liudong@1.0.0~server: unsafe-perm in lifecycle true
9 verbose lifecycle liudong@1.0.0~server: PATH: /usr/local/lib/node_modules/npm/bin/node-gyp-bin:/Users/liudong/webstorm/new/node_modules/.bin:/usr/bin:/bin:/usr/sbin:/sbin:/usr/local/bin:/usr/local/git/bin:/Users/liudong/mongodb/bin:/Users/liudong/.npm-global/bin
10 verbose lifecycle liudong@1.0.0~server: CWD: /Users/liudong/webstorm/new
11 silly lifecycle liudong@1.0.0~server: Args: [ '-c', 'babel-node crawler.js' ]
12 silly lifecycle liudong@1.0.0~server: Returned: code: 1  signal: null
13 info lifecycle liudong@1.0.0~server: Failed to exec server script
14 verbose stack Error: liudong@1.0.0 server: `babel-node crawler.js`
14 verbose stack Exit status 1
14 verbose stack     at EventEmitter.<anonymous> (/usr/local/lib/node_modules/npm/lib/utils/lifecycle.js:255:16)
14 verbose stack     at emitTwo (events.js:106:13)
14 verbose stack     at EventEmitter.emit (events.js:191:7)
14 verbose stack     at ChildProcess.<anonymous> (/usr/local/lib/node_modules/npm/lib/utils/spawn.js:40:14)
14 verbose stack     at emitTwo (events.js:106:13)
14 verbose stack     at ChildProcess.emit (events.js:191:7)
14 verbose stack     at maybeClose (internal/child_process.js:877:16)
14 verbose stack     at Process.ChildProcess._handle.onexit (internal/child_process.js:226:5)
15 verbose pkgid liudong@1.0.0
16 verbose cwd /Users/liudong/webstorm/new
17 error Darwin 16.4.0
18 error argv "/usr/local/bin/node" "/usr/local/bin/npm" "run" "server"
19 error node v7.0.0
20 error npm  v3.10.8
21 error code ELIFECYCLE
22 error liudong@1.0.0 server: `babel-node crawler.js`
22 error Exit status 1
23 error Failed at the liudong@1.0.0 server script 'babel-node crawler.js'.
23 error Make sure you have the latest version of node.js and npm installed.
23 error If you do, this is most likely a problem with the liudong package,
23 error not with npm itself.
23 error Tell the author that this fails on your system:
23 error     babel-node crawler.js
23 error You can get information on how to open an issue for this project with:
23 error     npm bugs liudong
23 error Or if that isn't available, you can get their info via:
23 error     npm owner ls liudong
23 error There is likely additional logging output above.
24 verbose exit [ 1, true ]
